<?xml version="1.0" encoding="UTF-8"?>
<!-- Generated by org.testng.reporters.JUnitReportReporter -->
<testsuite ignored="0" hostname="Shrihans-MacBook-Pro.local" failures="0" tests="1" name="Org.testing.testScripts.TC8_RealTimeGetAllReq" time="0.546" errors="0" timestamp="02 May 2024 01:46:00 GMT" skipped="0">
  <testcase classname="Org.testing.testScripts.TC8_RealTimeGetAllReq" name="testcase8" time="0.546"/>
</testsuite> <!-- Org.testing.testScripts.TC8_RealTimeGetAllReq -->
